<?xml version="1.0" encoding="UTF-8"?>
<!-- Generated by org.testng.reporters.JUnitReportReporter -->
<testsuite hostname="9b169c9c72f0" failures="0" tests="9" name="com.pagetest.vendorportal.VendorPortalTest" time="33.970" errors="0" timestamp="2024-04-14T18:05:19 UTC" skipped="0">
  <testcase classname="com.pagetest.vendorportal.VendorPortalTest" name="logout" time="1.865"/>
  <testcase classname="com.pagetest.vendorportal.VendorPortalTest" name="logout" time="3.071"/>
  <testcase classname="com.pagetest.vendorportal.VendorPortalTest" name="loginTest" time="3.956"/>
  <testcase classname="com.pagetest.vendorportal.VendorPortalTest" name="logout" time="3.409"/>
  <testcase classname="com.pagetest.vendorportal.VendorPortalTest" name="loginTest" time="4.020"/>
  <testcase classname="com.pagetest.vendorportal.VendorPortalTest" name="dashboardTest" time="4.365"/>
  <testcase classname="com.pagetest.vendorportal.VendorPortalTest" name="dashboardTest" time="5.753"/>
  <testcase classname="com.pagetest.vendorportal.VendorPortalTest" name="loginTest" time="3.221"/>
  <testcase classname="com.pagetest.vendorportal.VendorPortalTest" name="dashboardTest" time="4.310"/>
</testsuite> <!-- com.pagetest.vendorportal.VendorPortalTest -->
